[2020-04-21 15:43:01] local.ERROR: Class 'Spatie\Permission\PermissionServiceProvider' not found {"exception":"[object] (Symfony\\Component\\Debug\\Exception\\FatalThrowableError(code: 0): Class 'Spatie\\Permission\\PermissionServiceProvider' not found at /var/www/html/vendor/laravel/framework/src/Illuminate/Foundation/ProviderRepository.php:208)
[stacktrace]
#0 /var/www/html/vendor/laravel/framework/src/Illuminate/Foundation/ProviderRepository.php(144): Illuminate\\Foundation\\ProviderRepository->createProvider('Spatie\\\\Permissi...')
#1 /var/www/html/vendor/laravel/framework/src/Illuminate/Foundation/ProviderRepository.php(61): Illuminate\\Foundation\\ProviderRepository->compileManifest(Array)
#2 /var/www/html/vendor/laravel/framework/src/Illuminate/Foundation/Application.php(593): Illuminate\\Foundation\\ProviderRepository->load(Array)
#3 /var/www/html/vendor/laravel/framework/src/Illuminate/Foundation/Bootstrap/RegisterProviders.php(17): Illuminate\\Foundation\\Application->registerConfiguredProviders()
#4 /var/www/html/vendor/laravel/framework/src/Illuminate/Foundation/Application.php(219): Illuminate\\Foundation\\Bootstrap\\RegisterProviders->bootstrap(Object(Illuminate\\Foundation\\Application))
#5 /var/www/html/vendor/laravel/framework/src/Illuminate/Foundation/Console/Kernel.php(320): Illuminate\\Foundation\\Application->bootstrapWith(Array)
#6 /var/www/html/vendor/laravel/framework/src/Illuminate/Foundation/Console/Kernel.php(129): Illuminate\\Foundation\\Console\\Kernel->bootstrap()
#7 /var/www/html/artisan(37): Illuminate\\Foundation\\Console\\Kernel->handle(Object(Symfony\\Component\\Console\\Input\\ArgvInput), Object(Symfony\\Component\\Console\\Output\\ConsoleOutput))
#8 {main}
"} 
[2020-04-21 15:44:40] local.ERROR: Class 'Spatie\Permission\PermissionServiceProvider' not found {"exception":"[object] (Symfony\\Component\\Debug\\Exception\\FatalThrowableError(code: 0): Class 'Spatie\\Permission\\PermissionServiceProvider' not found at /var/www/html/vendor/laravel/framework/src/Illuminate/Foundation/ProviderRepository.php:208)
[stacktrace]
#0 /var/www/html/vendor/laravel/framework/src/Illuminate/Foundation/ProviderRepository.php(144): Illuminate\\Foundation\\ProviderRepository->createProvider('Spatie\\\\Permissi...')
#1 /var/www/html/vendor/laravel/framework/src/Illuminate/Foundation/ProviderRepository.php(61): Illuminate\\Foundation\\ProviderRepository->compileManifest(Array)
#2 /var/www/html/vendor/laravel/framework/src/Illuminate/Foundation/Application.php(593): Illuminate\\Foundation\\ProviderRepository->load(Array)
#3 /var/www/html/vendor/laravel/framework/src/Illuminate/Foundation/Bootstrap/RegisterProviders.php(17): Illuminate\\Foundation\\Application->registerConfiguredProviders()
#4 /var/www/html/vendor/laravel/framework/src/Illuminate/Foundation/Application.php(219): Illuminate\\Foundation\\Bootstrap\\RegisterProviders->bootstrap(Object(Illuminate\\Foundation\\Application))
#5 /var/www/html/vendor/laravel/framework/src/Illuminate/Foundation/Console/Kernel.php(320): Illuminate\\Foundation\\Application->bootstrapWith(Array)
#6 /var/www/html/vendor/laravel/framework/src/Illuminate/Foundation/Console/Kernel.php(129): Illuminate\\Foundation\\Console\\Kernel->bootstrap()
#7 /var/www/html/artisan(37): Illuminate\\Foundation\\Console\\Kernel->handle(Object(Symfony\\Component\\Console\\Input\\ArgvInput), Object(Symfony\\Component\\Console\\Output\\ConsoleOutput))
#8 {main}
"} 
[2020-04-21 15:53:19] local.ERROR: Class 'Spatie\Permission\PermissionServiceProvider' not found {"exception":"[object] (Symfony\\Component\\Debug\\Exception\\FatalThrowableError(code: 0): Class 'Spatie\\Permission\\PermissionServiceProvider' not found at /var/www/html/vendor/laravel/framework/src/Illuminate/Foundation/ProviderRepository.php:208)
[stacktrace]
#0 /var/www/html/vendor/laravel/framework/src/Illuminate/Foundation/ProviderRepository.php(144): Illuminate\\Foundation\\ProviderRepository->createProvider('Spatie\\\\Permissi...')
#1 /var/www/html/vendor/laravel/framework/src/Illuminate/Foundation/ProviderRepository.php(61): Illuminate\\Foundation\\ProviderRepository->compileManifest(Array)
#2 /var/www/html/vendor/laravel/framework/src/Illuminate/Foundation/Application.php(593): Illuminate\\Foundation\\ProviderRepository->load(Array)
#3 /var/www/html/vendor/laravel/framework/src/Illuminate/Foundation/Bootstrap/RegisterProviders.php(17): Illuminate\\Foundation\\Application->registerConfiguredProviders()
#4 /var/www/html/vendor/laravel/framework/src/Illuminate/Foundation/Application.php(219): Illuminate\\Foundation\\Bootstrap\\RegisterProviders->bootstrap(Object(Illuminate\\Foundation\\Application))
#5 /var/www/html/vendor/laravel/framework/src/Illuminate/Foundation/Console/Kernel.php(320): Illuminate\\Foundation\\Application->bootstrapWith(Array)
#6 /var/www/html/vendor/laravel/framework/src/Illuminate/Foundation/Console/Kernel.php(129): Illuminate\\Foundation\\Console\\Kernel->bootstrap()
#7 /var/www/html/artisan(37): Illuminate\\Foundation\\Console\\Kernel->handle(Object(Symfony\\Component\\Console\\Input\\ArgvInput), Object(Symfony\\Component\\Console\\Output\\ConsoleOutput))
#8 {main}
"} 
[2020-04-21 15:54:50] local.ERROR: Class 'Spatie\Permission\PermissionServiceProvider' not found {"exception":"[object] (Symfony\\Component\\Debug\\Exception\\FatalThrowableError(code: 0): Class 'Spatie\\Permission\\PermissionServiceProvider' not found at /var/www/html/vendor/laravel/framework/src/Illuminate/Foundation/ProviderRepository.php:208)
[stacktrace]
#0 /var/www/html/vendor/laravel/framework/src/Illuminate/Foundation/ProviderRepository.php(144): Illuminate\\Foundation\\ProviderRepository->createProvider('Spatie\\\\Permissi...')
#1 /var/www/html/vendor/laravel/framework/src/Illuminate/Foundation/ProviderRepository.php(61): Illuminate\\Foundation\\ProviderRepository->compileManifest(Array)
#2 /var/www/html/vendor/laravel/framework/src/Illuminate/Foundation/Application.php(593): Illuminate\\Foundation\\ProviderRepository->load(Array)
#3 /var/www/html/vendor/laravel/framework/src/Illuminate/Foundation/Bootstrap/RegisterProviders.php(17): Illuminate\\Foundation\\Application->registerConfiguredProviders()
#4 /var/www/html/vendor/laravel/framework/src/Illuminate/Foundation/Application.php(219): Illuminate\\Foundation\\Bootstrap\\RegisterProviders->bootstrap(Object(Illuminate\\Foundation\\Application))
#5 /var/www/html/vendor/laravel/framework/src/Illuminate/Foundation/Console/Kernel.php(320): Illuminate\\Foundation\\Application->bootstrapWith(Array)
#6 /var/www/html/vendor/laravel/framework/src/Illuminate/Foundation/Console/Kernel.php(129): Illuminate\\Foundation\\Console\\Kernel->bootstrap()
#7 /var/www/html/artisan(37): Illuminate\\Foundation\\Console\\Kernel->handle(Object(Symfony\\Component\\Console\\Input\\ArgvInput), Object(Symfony\\Component\\Console\\Output\\ConsoleOutput))
#8 {main}
"} 
